[0.016s] Invoking command in '/home/alexlin1/nero_ws/build/nero_description': CMAKE_PREFIX_PATH=/opt/ros/humble /usr/bin/cmake --build /home/alexlin1/nero_ws/build/nero_description -- -j8 -l8
[0.074s] Invoked command in '/home/alexlin1/nero_ws/build/nero_description' returned '0': CMAKE_PREFIX_PATH=/opt/ros/humble /usr/bin/cmake --build /home/alexlin1/nero_ws/build/nero_description -- -j8 -l8
[0.089s] Invoking command in '/home/alexlin1/nero_ws/build/nero_description': CMAKE_PREFIX_PATH=/opt/ros/humble /usr/bin/cmake --install /home/alexlin1/nero_ws/build/nero_description
[0.099s] -- Install configuration: ""
[0.100s] -- Up-to-date: /home/alexlin1/nero_ws/install/nero_description/share/nero_description/launch
[0.100s] -- Up-to-date: /home/alexlin1/nero_ws/install/nero_description/share/nero_description/launch/gazebo.launch
[0.100s] -- Up-to-date: /home/alexlin1/nero_ws/install/nero_description/share/nero_description/launch/display_xacro.launch.py
[0.100s] -- Up-to-date: /home/alexlin1/nero_ws/install/nero_description/share/nero_description/launch/rviz_gazebo.launch.py
[0.101s] -- Up-to-date: /home/alexlin1/nero_ws/install/nero_description/share/nero_description/launch/ppo_sim2sim.launch.py
[0.101s] -- Up-to-date: /home/alexlin1/nero_ws/install/nero_description/share/nero_description/launch/gazebo_control.launch.py
[0.101s] -- Up-to-date: /home/alexlin1/nero_ws/install/nero_description/share/nero_description/launch/ppo_sim2real.launch.py
[0.102s] -- Up-to-date: /home/alexlin1/nero_ws/install/nero_description/share/nero_description/launch/display_urdf.launch.py
[0.102s] -- Up-to-date: /home/alexlin1/nero_ws/install/nero_description/share/nero_description/launch/display.launch
[0.102s] -- Up-to-date: /home/alexlin1/nero_ws/install/nero_description/share/nero_description/launch/rviz_real.launch.py
[0.102s] -- Up-to-date: /home/alexlin1/nero_ws/install/nero_description/share/nero_description/meshes
[0.103s] -- Up-to-date: /home/alexlin1/nero_ws/install/nero_description/share/nero_description/meshes/Link2.STL
[0.103s] -- Up-to-date: /home/alexlin1/nero_ws/install/nero_description/share/nero_description/meshes/Link7.STL
[0.103s] -- Up-to-date: /home/alexlin1/nero_ws/install/nero_description/share/nero_description/meshes/Link3.STL
[0.104s] -- Up-to-date: /home/alexlin1/nero_ws/install/nero_description/share/nero_description/meshes/base_link.STL
[0.104s] -- Up-to-date: /home/alexlin1/nero_ws/install/nero_description/share/nero_description/meshes/Link6.STL
[0.104s] -- Up-to-date: /home/alexlin1/nero_ws/install/nero_description/share/nero_description/meshes/Link5.STL
[0.105s] -- Up-to-date: /home/alexlin1/nero_ws/install/nero_description/share/nero_description/meshes/Link4.STL
[0.105s] -- Up-to-date: /home/alexlin1/nero_ws/install/nero_description/share/nero_description/meshes/dae
[0.105s] -- Up-to-date: /home/alexlin1/nero_ws/install/nero_description/share/nero_description/meshes/dae/link4.dae
[0.105s] -- Up-to-date: /home/alexlin1/nero_ws/install/nero_description/share/nero_description/meshes/dae/link1.dae
[0.105s] -- Up-to-date: /home/alexlin1/nero_ws/install/nero_description/share/nero_description/meshes/dae/link7.dae
[0.106s] -- Up-to-date: /home/alexlin1/nero_ws/install/nero_description/share/nero_description/meshes/dae/link2.dae
[0.106s] -- Up-to-date: /home/alexlin1/nero_ws/install/nero_description/share/nero_description/meshes/dae/link3.dae
[0.106s] -- Up-to-date: /home/alexlin1/nero_ws/install/nero_description/share/nero_description/meshes/dae/link6.dae
[0.106s] -- Up-to-date: /home/alexlin1/nero_ws/install/nero_description/share/nero_description/meshes/dae/link5.dae
[0.106s] -- Up-to-date: /home/alexlin1/nero_ws/install/nero_description/share/nero_description/meshes/dae/base_link.dae
[0.107s] -- Up-to-date: /home/alexlin1/nero_ws/install/nero_description/share/nero_description/meshes/Link1.STL
[0.107s] -- Up-to-date: /home/alexlin1/nero_ws/install/nero_description/share/nero_description/rviz
[0.107s] -- Up-to-date: /home/alexlin1/nero_ws/install/nero_description/share/nero_description/rviz/bi_nero_gazebo.rviz
[0.107s] -- Up-to-date: /home/alexlin1/nero_ws/install/nero_description/share/nero_description/rviz/piper_no_gripper.rviz
[0.108s] -- Up-to-date: /home/alexlin1/nero_ws/install/nero_description/share/nero_description/rviz/piper_ctrl.rviz
[0.108s] -- Up-to-date: /home/alexlin1/nero_ws/install/nero_description/share/nero_description/urdf
[0.108s] -- Up-to-date: /home/alexlin1/nero_ws/install/nero_description/share/nero_description/urdf/nero_description.csv
[0.109s] -- Up-to-date: /home/alexlin1/nero_ws/install/nero_description/share/nero_description/urdf/nero_description.urdf
[0.109s] -- Up-to-date: /home/alexlin1/nero_ws/install/nero_description/share/nero_description/urdf/nero_description
[0.110s] -- Up-to-date: /home/alexlin1/nero_ws/install/nero_description/share/nero_description/urdf/nero_description/nero_description.usd
[0.110s] -- Up-to-date: /home/alexlin1/nero_ws/install/nero_description/share/nero_description/urdf/nero_description/configuration
[0.111s] -- Up-to-date: /home/alexlin1/nero_ws/install/nero_description/share/nero_description/urdf/nero_description/configuration/nero_description_robot.usd
[0.112s] -- Up-to-date: /home/alexlin1/nero_ws/install/nero_description/share/nero_description/urdf/nero_description/configuration/nero_description_base.usd
[0.112s] -- Up-to-date: /home/alexlin1/nero_ws/install/nero_description/share/nero_description/urdf/nero_description/configuration/nero_description_physics.usd
[0.112s] -- Up-to-date: /home/alexlin1/nero_ws/install/nero_description/share/nero_description/urdf/nero_description/configuration/nero_description_sensor.usd
[0.112s] -- Up-to-date: /home/alexlin1/nero_ws/install/nero_description/share/nero_description/urdf/bi_nero_description.urdf
[0.112s] -- Up-to-date: /home/alexlin1/nero_ws/install/nero_description/share/nero_description/config
[0.113s] -- Up-to-date: /home/alexlin1/nero_ws/install/nero_description/share/nero_description/config/joint_names_nero_description.yaml
[0.113s] -- Installing: /home/alexlin1/nero_ws/install/nero_description/share/nero_description/config/bi_nero_controllers.yaml
[0.113s] -- Up-to-date: /home/alexlin1/nero_ws/install/nero_description/share/nero_description/config/policy.pt
[0.113s] -- Up-to-date: /home/alexlin1/nero_ws/install/nero_description/share/nero_description/launch/gazebo_control.launch.py
[0.113s] -- Up-to-date: /home/alexlin1/nero_ws/install/nero_description/share/nero_description/launch/rviz_gazebo.launch.py
[0.114s] -- Up-to-date: /home/alexlin1/nero_ws/install/nero_description/share/nero_description/launch/ppo_sim2sim.launch.py
[0.114s] -- Up-to-date: /home/alexlin1/nero_ws/install/nero_description/share/nero_description/scripts
[0.114s] -- Up-to-date: /home/alexlin1/nero_ws/install/nero_description/share/nero_description/scripts/publish_joint_positions.py
[0.115s] -- Up-to-date: /home/alexlin1/nero_ws/install/nero_description/share/nero_description/scripts/sim_ppo_play.py
[0.115s] -- Up-to-date: /home/alexlin1/nero_ws/install/nero_description/share/nero_description/scripts/gain_joint_positions.py
[0.115s] -- Up-to-date: /home/alexlin1/nero_ws/install/nero_description/share/nero_description/scripts/Untitled
[0.116s] -- Up-to-date: /home/alexlin1/nero_ws/install/nero_description/share/nero_description/scripts/publish_real_joint_positions.py
[0.116s] -- Up-to-date: /home/alexlin1/nero_ws/install/nero_description/share/nero_description/scripts/__pycache__
[0.116s] -- Up-to-date: /home/alexlin1/nero_ws/install/nero_description/share/nero_description/scripts/__pycache__/gain_real_joint_positions.cpython-310.pyc
[0.116s] -- Up-to-date: /home/alexlin1/nero_ws/install/nero_description/share/nero_description/scripts/gain_real_joint_positions.py
[0.117s] -- Up-to-date: /home/alexlin1/nero_ws/install/nero_description/share/nero_description/scripts/spawn_reach_targets.py
[0.117s] -- Up-to-date: /home/alexlin1/nero_ws/install/nero_description/share/nero_description/scripts/gazebo_ppo_play.py
[0.117s] -- Up-to-date: /home/alexlin1/nero_ws/install/nero_description/lib/nero_description/publish_joint_positions
[0.117s] -- Up-to-date: /home/alexlin1/nero_ws/install/nero_description/lib/nero_description/gain_joint_positions
[0.118s] -- Up-to-date: /home/alexlin1/nero_ws/install/nero_description/lib/nero_description/spawn_reach_targets
[0.118s] -- Up-to-date: /home/alexlin1/nero_ws/install/nero_description/lib/nero_description/gazebo_ppo_play
[0.118s] -- Up-to-date: /home/alexlin1/nero_ws/install/nero_description/lib/nero_description/gain_real_joint_positions
[0.118s] -- Up-to-date: /home/alexlin1/nero_ws/install/nero_description/lib/nero_description/publish_real_joint_positions
[0.118s] -- Up-to-date: /home/alexlin1/nero_ws/install/nero_description/lib/nero_description/sim_ppo_play
[0.119s] -- Up-to-date: /home/alexlin1/nero_ws/install/nero_description/share/ament_index/resource_index/package_run_dependencies/nero_description
[0.119s] -- Up-to-date: /home/alexlin1/nero_ws/install/nero_description/share/ament_index/resource_index/parent_prefix_path/nero_description
[0.119s] -- Up-to-date: /home/alexlin1/nero_ws/install/nero_description/share/nero_description/environment/ament_prefix_path.sh
[0.119s] -- Up-to-date: /home/alexlin1/nero_ws/install/nero_description/share/nero_description/environment/ament_prefix_path.dsv
[0.120s] -- Up-to-date: /home/alexlin1/nero_ws/install/nero_description/share/nero_description/environment/path.sh
[0.120s] -- Up-to-date: /home/alexlin1/nero_ws/install/nero_description/share/nero_description/environment/path.dsv
[0.121s] -- Up-to-date: /home/alexlin1/nero_ws/install/nero_description/share/nero_description/local_setup.bash
[0.121s] -- Up-to-date: /home/alexlin1/nero_ws/install/nero_description/share/nero_description/local_setup.sh
[0.121s] -- Up-to-date: /home/alexlin1/nero_ws/install/nero_description/share/nero_description/local_setup.zsh
[0.122s] -- Up-to-date: /home/alexlin1/nero_ws/install/nero_description/share/nero_description/local_setup.dsv
[0.122s] -- Installing: /home/alexlin1/nero_ws/install/nero_description/share/nero_description/package.dsv
[0.122s] -- Up-to-date: /home/alexlin1/nero_ws/install/nero_description/share/ament_index/resource_index/packages/nero_description
[0.122s] -- Up-to-date: /home/alexlin1/nero_ws/install/nero_description/share/nero_description/cmake/nero_descriptionConfig.cmake
[0.122s] -- Up-to-date: /home/alexlin1/nero_ws/install/nero_description/share/nero_description/cmake/nero_descriptionConfig-version.cmake
[0.123s] -- Up-to-date: /home/alexlin1/nero_ws/install/nero_description/share/nero_description/package.xml
[0.123s] Invoked command in '/home/alexlin1/nero_ws/build/nero_description' returned '0': CMAKE_PREFIX_PATH=/opt/ros/humble /usr/bin/cmake --install /home/alexlin1/nero_ws/build/nero_description
