-- Install configuration: ""
-- Up-to-date: /home/databeyond/agx_arm/nero_ws/install/nero_description/share/nero_description/launch
-- Up-to-date: /home/databeyond/agx_arm/nero_ws/install/nero_description/share/nero_description/launch/display.launch
-- Up-to-date: /home/databeyond/agx_arm/nero_ws/install/nero_description/share/nero_description/launch/rviz_gazebo.launch.py
-- Up-to-date: /home/databeyond/agx_arm/nero_ws/install/nero_description/share/nero_description/launch/gazebo.launch
-- Up-to-date: /home/databeyond/agx_arm/nero_ws/install/nero_description/share/nero_description/launch/ppo_sim2sim.launch.py
-- Up-to-date: /home/databeyond/agx_arm/nero_ws/install/nero_description/share/nero_description/launch/gazebo_control.launch.py
-- Up-to-date: /home/databeyond/agx_arm/nero_ws/install/nero_description/share/nero_description/launch/display_urdf.launch.py
-- Up-to-date: /home/databeyond/agx_arm/nero_ws/install/nero_description/share/nero_description/launch/display_xacro.launch.py
-- Up-to-date: /home/databeyond/agx_arm/nero_ws/install/nero_description/share/nero_description/meshes
-- Up-to-date: /home/databeyond/agx_arm/nero_ws/install/nero_description/share/nero_description/meshes/Link5.STL
-- Up-to-date: /home/databeyond/agx_arm/nero_ws/install/nero_description/share/nero_description/meshes/Link6.STL
-- Up-to-date: /home/databeyond/agx_arm/nero_ws/install/nero_description/share/nero_description/meshes/Link3.STL
-- Up-to-date: /home/databeyond/agx_arm/nero_ws/install/nero_description/share/nero_description/meshes/Link4.STL
-- Up-to-date: /home/databeyond/agx_arm/nero_ws/install/nero_description/share/nero_description/meshes/Link1.STL
-- Up-to-date: /home/databeyond/agx_arm/nero_ws/install/nero_description/share/nero_description/meshes/Link7.STL
-- Up-to-date: /home/databeyond/agx_arm/nero_ws/install/nero_description/share/nero_description/meshes/dae
-- Up-to-date: /home/databeyond/agx_arm/nero_ws/install/nero_description/share/nero_description/meshes/dae/link1.dae
-- Up-to-date: /home/databeyond/agx_arm/nero_ws/install/nero_description/share/nero_description/meshes/dae/link7.dae
-- Up-to-date: /home/databeyond/agx_arm/nero_ws/install/nero_description/share/nero_description/meshes/dae/link4.dae
-- Up-to-date: /home/databeyond/agx_arm/nero_ws/install/nero_description/share/nero_description/meshes/dae/link5.dae
-- Up-to-date: /home/databeyond/agx_arm/nero_ws/install/nero_description/share/nero_description/meshes/dae/link3.dae
-- Up-to-date: /home/databeyond/agx_arm/nero_ws/install/nero_description/share/nero_description/meshes/dae/link6.dae
-- Up-to-date: /home/databeyond/agx_arm/nero_ws/install/nero_description/share/nero_description/meshes/dae/base_link.dae
-- Up-to-date: /home/databeyond/agx_arm/nero_ws/install/nero_description/share/nero_description/meshes/dae/link2.dae
-- Up-to-date: /home/databeyond/agx_arm/nero_ws/install/nero_description/share/nero_description/meshes/base_link.STL
-- Up-to-date: /home/databeyond/agx_arm/nero_ws/install/nero_description/share/nero_description/meshes/Link2.STL
-- Up-to-date: /home/databeyond/agx_arm/nero_ws/install/nero_description/share/nero_description/rviz
-- Up-to-date: /home/databeyond/agx_arm/nero_ws/install/nero_description/share/nero_description/rviz/piper_ctrl.rviz
-- Up-to-date: /home/databeyond/agx_arm/nero_ws/install/nero_description/share/nero_description/rviz/bi_nero_gazebo.rviz
-- Up-to-date: /home/databeyond/agx_arm/nero_ws/install/nero_description/share/nero_description/rviz/piper_no_gripper.rviz
-- Up-to-date: /home/databeyond/agx_arm/nero_ws/install/nero_description/share/nero_description/urdf
-- Up-to-date: /home/databeyond/agx_arm/nero_ws/install/nero_description/share/nero_description/urdf/nero_description.csv
-- Up-to-date: /home/databeyond/agx_arm/nero_ws/install/nero_description/share/nero_description/urdf/nero_description
-- Up-to-date: /home/databeyond/agx_arm/nero_ws/install/nero_description/share/nero_description/urdf/nero_description/configuration
-- Up-to-date: /home/databeyond/agx_arm/nero_ws/install/nero_description/share/nero_description/urdf/nero_description/configuration/nero_description_sensor.usd
-- Up-to-date: /home/databeyond/agx_arm/nero_ws/install/nero_description/share/nero_description/urdf/nero_description/configuration/nero_description_robot.usd
-- Up-to-date: /home/databeyond/agx_arm/nero_ws/install/nero_description/share/nero_description/urdf/nero_description/configuration/nero_description_base.usd
-- Up-to-date: /home/databeyond/agx_arm/nero_ws/install/nero_description/share/nero_description/urdf/nero_description/configuration/nero_description_physics.usd
-- Up-to-date: /home/databeyond/agx_arm/nero_ws/install/nero_description/share/nero_description/urdf/nero_description/nero_description.usd
-- Up-to-date: /home/databeyond/agx_arm/nero_ws/install/nero_description/share/nero_description/urdf/bi_nero_description.urdf
-- Up-to-date: /home/databeyond/agx_arm/nero_ws/install/nero_description/share/nero_description/urdf/nero_description.urdf
-- Up-to-date: /home/databeyond/agx_arm/nero_ws/install/nero_description/share/nero_description/config
-- Up-to-date: /home/databeyond/agx_arm/nero_ws/install/nero_description/share/nero_description/config/policy.pt
-- Up-to-date: /home/databeyond/agx_arm/nero_ws/install/nero_description/share/nero_description/config/joint_names_nero_description.yaml
-- Installing: /home/databeyond/agx_arm/nero_ws/install/nero_description/share/nero_description/config/bi_nero_controllers.yaml
-- Up-to-date: /home/databeyond/agx_arm/nero_ws/install/nero_description/share/nero_description/launch/gazebo_control.launch.py
-- Up-to-date: /home/databeyond/agx_arm/nero_ws/install/nero_description/share/nero_description/launch/rviz_gazebo.launch.py
-- Up-to-date: /home/databeyond/agx_arm/nero_ws/install/nero_description/share/nero_description/launch/ppo_sim2sim.launch.py
-- Up-to-date: /home/databeyond/agx_arm/nero_ws/install/nero_description/share/nero_description/scripts
-- Up-to-date: /home/databeyond/agx_arm/nero_ws/install/nero_description/share/nero_description/scripts/spawn_reach_targets.py
-- Up-to-date: /home/databeyond/agx_arm/nero_ws/install/nero_description/share/nero_description/scripts/gain_joint_positions.py
-- Up-to-date: /home/databeyond/agx_arm/nero_ws/install/nero_description/share/nero_description/scripts/ppo_sim2sim.py
-- Up-to-date: /home/databeyond/agx_arm/nero_ws/install/nero_description/share/nero_description/scripts/publish_joint_positions.py
-- Installing: /home/databeyond/agx_arm/nero_ws/install/nero_description/share/nero_description/scripts/gazebo_ppo_play.py
-- Up-to-date: /home/databeyond/agx_arm/nero_ws/install/nero_description/lib/nero_description/publish_joint_positions
-- Up-to-date: /home/databeyond/agx_arm/nero_ws/install/nero_description/lib/nero_description/gain_joint_positions
-- Up-to-date: /home/databeyond/agx_arm/nero_ws/install/nero_description/lib/nero_description/spawn_reach_targets
-- Installing: /home/databeyond/agx_arm/nero_ws/install/nero_description/lib/nero_description/gazebo_ppo_play
-- Up-to-date: /home/databeyond/agx_arm/nero_ws/install/nero_description/share/ament_index/resource_index/package_run_dependencies/nero_description
-- Up-to-date: /home/databeyond/agx_arm/nero_ws/install/nero_description/share/ament_index/resource_index/parent_prefix_path/nero_description
-- Up-to-date: /home/databeyond/agx_arm/nero_ws/install/nero_description/share/nero_description/environment/ament_prefix_path.sh
-- Up-to-date: /home/databeyond/agx_arm/nero_ws/install/nero_description/share/nero_description/environment/ament_prefix_path.dsv
-- Up-to-date: /home/databeyond/agx_arm/nero_ws/install/nero_description/share/nero_description/environment/path.sh
-- Up-to-date: /home/databeyond/agx_arm/nero_ws/install/nero_description/share/nero_description/environment/path.dsv
-- Up-to-date: /home/databeyond/agx_arm/nero_ws/install/nero_description/share/nero_description/local_setup.bash
-- Up-to-date: /home/databeyond/agx_arm/nero_ws/install/nero_description/share/nero_description/local_setup.sh
-- Up-to-date: /home/databeyond/agx_arm/nero_ws/install/nero_description/share/nero_description/local_setup.zsh
-- Up-to-date: /home/databeyond/agx_arm/nero_ws/install/nero_description/share/nero_description/local_setup.dsv
-- Installing: /home/databeyond/agx_arm/nero_ws/install/nero_description/share/nero_description/package.dsv
-- Up-to-date: /home/databeyond/agx_arm/nero_ws/install/nero_description/share/ament_index/resource_index/packages/nero_description
-- Up-to-date: /home/databeyond/agx_arm/nero_ws/install/nero_description/share/nero_description/cmake/nero_descriptionConfig.cmake
-- Up-to-date: /home/databeyond/agx_arm/nero_ws/install/nero_description/share/nero_description/cmake/nero_descriptionConfig-version.cmake
-- Up-to-date: /home/databeyond/agx_arm/nero_ws/install/nero_description/share/nero_description/package.xml
