[0.011s] Invoking command in '/home/databeyond/agx_arm/nero_ws/build/nero_description': CMAKE_PREFIX_PATH=${CMAKE_PREFIX_PATH}:/opt/ros/humble CONDA_PROMPT_MODIFIER=(base) /usr/bin/cmake --build /home/databeyond/agx_arm/nero_ws/build/nero_description -- -j16 -l16
[0.053s] Invoked command in '/home/databeyond/agx_arm/nero_ws/build/nero_description' returned '0': CMAKE_PREFIX_PATH=${CMAKE_PREFIX_PATH}:/opt/ros/humble CONDA_PROMPT_MODIFIER=(base) /usr/bin/cmake --build /home/databeyond/agx_arm/nero_ws/build/nero_description -- -j16 -l16
[0.066s] Invoking command in '/home/databeyond/agx_arm/nero_ws/build/nero_description': CMAKE_PREFIX_PATH=${CMAKE_PREFIX_PATH}:/opt/ros/humble CONDA_PROMPT_MODIFIER=(base) /usr/bin/cmake --install /home/databeyond/agx_arm/nero_ws/build/nero_description
[0.074s] -- Install configuration: ""
[0.075s] -- Up-to-date: /home/databeyond/agx_arm/nero_ws/install/nero_description/share/nero_description/launch
[0.075s] -- Up-to-date: /home/databeyond/agx_arm/nero_ws/install/nero_description/share/nero_description/launch/display.launch
[0.076s] -- Up-to-date: /home/databeyond/agx_arm/nero_ws/install/nero_description/share/nero_description/launch/gazebo.launch
[0.076s] -- Installing: /home/databeyond/agx_arm/nero_ws/install/nero_description/share/nero_description/launch/gazebo_control.launch.py
[0.076s] -- Up-to-date: /home/databeyond/agx_arm/nero_ws/install/nero_description/share/nero_description/launch/display_urdf.launch.py
[0.076s] -- Up-to-date: /home/databeyond/agx_arm/nero_ws/install/nero_description/share/nero_description/launch/display_xacro.launch.py
[0.076s] -- Up-to-date: /home/databeyond/agx_arm/nero_ws/install/nero_description/share/nero_description/meshes
[0.076s] -- Up-to-date: /home/databeyond/agx_arm/nero_ws/install/nero_description/share/nero_description/meshes/Link5.STL
[0.077s] -- Up-to-date: /home/databeyond/agx_arm/nero_ws/install/nero_description/share/nero_description/meshes/Link6.STL
[0.077s] -- Up-to-date: /home/databeyond/agx_arm/nero_ws/install/nero_description/share/nero_description/meshes/Link3.STL
[0.077s] -- Up-to-date: /home/databeyond/agx_arm/nero_ws/install/nero_description/share/nero_description/meshes/Link4.STL
[0.077s] -- Up-to-date: /home/databeyond/agx_arm/nero_ws/install/nero_description/share/nero_description/meshes/Link1.STL
[0.077s] -- Up-to-date: /home/databeyond/agx_arm/nero_ws/install/nero_description/share/nero_description/meshes/Link7.STL
[0.077s] -- Up-to-date: /home/databeyond/agx_arm/nero_ws/install/nero_description/share/nero_description/meshes/dae
[0.077s] -- Up-to-date: /home/databeyond/agx_arm/nero_ws/install/nero_description/share/nero_description/meshes/dae/link1.dae
[0.078s] -- Up-to-date: /home/databeyond/agx_arm/nero_ws/install/nero_description/share/nero_description/meshes/dae/link7.dae
[0.078s] -- Up-to-date: /home/databeyond/agx_arm/nero_ws/install/nero_description/share/nero_description/meshes/dae/link4.dae
[0.078s] -- Up-to-date: /home/databeyond/agx_arm/nero_ws/install/nero_description/share/nero_description/meshes/dae/link5.dae
[0.078s] -- Up-to-date: /home/databeyond/agx_arm/nero_ws/install/nero_description/share/nero_description/meshes/dae/link3.dae
[0.078s] -- Up-to-date: /home/databeyond/agx_arm/nero_ws/install/nero_description/share/nero_description/meshes/dae/link6.dae
[0.078s] -- Up-to-date: /home/databeyond/agx_arm/nero_ws/install/nero_description/share/nero_description/meshes/dae/base_link.dae
[0.078s] -- Up-to-date: /home/databeyond/agx_arm/nero_ws/install/nero_description/share/nero_description/meshes/dae/link2.dae
[0.078s] -- Up-to-date: /home/databeyond/agx_arm/nero_ws/install/nero_description/share/nero_description/meshes/base_link.STL
[0.078s] -- Up-to-date: /home/databeyond/agx_arm/nero_ws/install/nero_description/share/nero_description/meshes/Link2.STL
[0.078s] -- Up-to-date: /home/databeyond/agx_arm/nero_ws/install/nero_description/share/nero_description/rviz
[0.078s] -- Up-to-date: /home/databeyond/agx_arm/nero_ws/install/nero_description/share/nero_description/rviz/piper_ctrl.rviz
[0.078s] -- Up-to-date: /home/databeyond/agx_arm/nero_ws/install/nero_description/share/nero_description/rviz/piper_no_gripper.rviz
[0.078s] -- Up-to-date: /home/databeyond/agx_arm/nero_ws/install/nero_description/share/nero_description/urdf
[0.079s] -- Up-to-date: /home/databeyond/agx_arm/nero_ws/install/nero_description/share/nero_description/urdf/nero_description.csv
[0.079s] -- Up-to-date: /home/databeyond/agx_arm/nero_ws/install/nero_description/share/nero_description/urdf/nero_description
[0.079s] -- Up-to-date: /home/databeyond/agx_arm/nero_ws/install/nero_description/share/nero_description/urdf/nero_description/configuration
[0.079s] -- Up-to-date: /home/databeyond/agx_arm/nero_ws/install/nero_description/share/nero_description/urdf/nero_description/configuration/nero_description_sensor.usd
[0.079s] -- Up-to-date: /home/databeyond/agx_arm/nero_ws/install/nero_description/share/nero_description/urdf/nero_description/configuration/nero_description_robot.usd
[0.079s] -- Up-to-date: /home/databeyond/agx_arm/nero_ws/install/nero_description/share/nero_description/urdf/nero_description/configuration/nero_description_base.usd
[0.079s] -- Up-to-date: /home/databeyond/agx_arm/nero_ws/install/nero_description/share/nero_description/urdf/nero_description/configuration/nero_description_physics.usd
[0.079s] -- Up-to-date: /home/databeyond/agx_arm/nero_ws/install/nero_description/share/nero_description/urdf/nero_description/nero_description.usd
[0.080s] -- Up-to-date: /home/databeyond/agx_arm/nero_ws/install/nero_description/share/nero_description/urdf/bi_nero_description.urdf
[0.080s] -- Up-to-date: /home/databeyond/agx_arm/nero_ws/install/nero_description/share/nero_description/urdf/nero_description.urdf
[0.080s] -- Up-to-date: /home/databeyond/agx_arm/nero_ws/install/nero_description/share/nero_description/config
[0.080s] -- Up-to-date: /home/databeyond/agx_arm/nero_ws/install/nero_description/share/nero_description/config/joint_names_nero_description.yaml
[0.080s] -- Up-to-date: /home/databeyond/agx_arm/nero_ws/install/nero_description/share/nero_description/config/bi_nero_controllers.yaml
[0.080s] -- Up-to-date: /home/databeyond/agx_arm/nero_ws/install/nero_description/share/nero_description/launch/gazebo_control.launch.py
[0.080s] -- Up-to-date: /home/databeyond/agx_arm/nero_ws/install/nero_description/share/nero_description/scripts
[0.080s] -- Up-to-date: /home/databeyond/agx_arm/nero_ws/install/nero_description/share/nero_description/scripts/publish_joint_positions.py
[0.080s] -- Up-to-date: /home/databeyond/agx_arm/nero_ws/install/nero_description/share/ament_index/resource_index/package_run_dependencies/nero_description
[0.081s] -- Up-to-date: /home/databeyond/agx_arm/nero_ws/install/nero_description/share/ament_index/resource_index/parent_prefix_path/nero_description
[0.081s] -- Up-to-date: /home/databeyond/agx_arm/nero_ws/install/nero_description/share/nero_description/environment/ament_prefix_path.sh
[0.081s] -- Up-to-date: /home/databeyond/agx_arm/nero_ws/install/nero_description/share/nero_description/environment/ament_prefix_path.dsv
[0.081s] -- Up-to-date: /home/databeyond/agx_arm/nero_ws/install/nero_description/share/nero_description/environment/path.sh
[0.081s] -- Up-to-date: /home/databeyond/agx_arm/nero_ws/install/nero_description/share/nero_description/environment/path.dsv
[0.081s] -- Up-to-date: /home/databeyond/agx_arm/nero_ws/install/nero_description/share/nero_description/local_setup.bash
[0.081s] -- Up-to-date: /home/databeyond/agx_arm/nero_ws/install/nero_description/share/nero_description/local_setup.sh
[0.081s] -- Up-to-date: /home/databeyond/agx_arm/nero_ws/install/nero_description/share/nero_description/local_setup.zsh
[0.081s] -- Up-to-date: /home/databeyond/agx_arm/nero_ws/install/nero_description/share/nero_description/local_setup.dsv
[0.081s] -- Installing: /home/databeyond/agx_arm/nero_ws/install/nero_description/share/nero_description/package.dsv
[0.082s] -- Up-to-date: /home/databeyond/agx_arm/nero_ws/install/nero_description/share/ament_index/resource_index/packages/nero_description
[0.082s] -- Up-to-date: /home/databeyond/agx_arm/nero_ws/install/nero_description/share/nero_description/cmake/nero_descriptionConfig.cmake
[0.082s] -- Up-to-date: /home/databeyond/agx_arm/nero_ws/install/nero_description/share/nero_description/cmake/nero_descriptionConfig-version.cmake
[0.082s] -- Up-to-date: /home/databeyond/agx_arm/nero_ws/install/nero_description/share/nero_description/package.xml
[0.082s] Invoked command in '/home/databeyond/agx_arm/nero_ws/build/nero_description' returned '0': CMAKE_PREFIX_PATH=${CMAKE_PREFIX_PATH}:/opt/ros/humble CONDA_PROMPT_MODIFIER=(base) /usr/bin/cmake --install /home/databeyond/agx_arm/nero_ws/build/nero_description
