[0.192s] DEBUG:colcon:Command line arguments: ['/usr/bin/colcon', 'build']
[0.192s] DEBUG:colcon:Parsed command line arguments: Namespace(log_base=None, log_level=None, verb_name='build', build_base='build', install_base='install', merge_install=False, symlink_install=False, test_result_base=None, continue_on_error=False, executor='parallel', parallel_workers=16, event_handlers=None, ignore_user_meta=False, metas=['./colcon.meta'], base_paths=['.'], packages_ignore=None, packages_ignore_regex=None, paths=None, packages_up_to=None, packages_up_to_regex=None, packages_above=None, packages_above_and_dependencies=None, packages_above_depth=None, packages_select_by_dep=None, packages_skip_by_dep=None, packages_skip_up_to=None, packages_select_build_failed=False, packages_skip_build_finished=False, packages_select_test_failures=False, packages_skip_test_passed=False, packages_select=None, packages_skip=None, packages_select_regex=None, packages_skip_regex=None, packages_start=None, packages_end=None, allow_overriding=[], cmake_args=None, cmake_target=None, cmake_target_skip_unavailable=False, cmake_clean_cache=False, cmake_clean_first=False, cmake_force_configure=False, ament_cmake_args=None, catkin_cmake_args=None, catkin_skip_building_tests=False, mixin_files=None, mixin=None, verb_parser=<colcon_mixin.mixin.mixin_argument.MixinArgumentDecorator object at 0x70250c66a620>, verb_extension=<colcon_core.verb.build.BuildVerb object at 0x70250c66a170>, main=<bound method BuildVerb.main of <colcon_core.verb.build.BuildVerb object at 0x70250c66a170>>, mixin_verb=('build',))
[0.501s] Level 1:colcon.colcon_core.package_discovery:discover_packages(colcon_meta) check parameters
[0.501s] Level 1:colcon.colcon_core.package_discovery:discover_packages(recursive) check parameters
[0.501s] Level 1:colcon.colcon_core.package_discovery:discover_packages(ignore) check parameters
[0.501s] Level 1:colcon.colcon_core.package_discovery:discover_packages(path) check parameters
[0.501s] Level 1:colcon.colcon_core.package_discovery:discover_packages(colcon_meta) discover
[0.501s] Level 1:colcon.colcon_core.package_discovery:discover_packages(recursive) discover
[0.501s] INFO:colcon.colcon_core.package_discovery:Crawling recursively for packages in '/home/databeyond/agx_arm/nero_ws'
[0.501s] Level 1:colcon.colcon_core.package_identification:_identify(.) by extensions ['ignore', 'ignore_ament_install']
[0.501s] Level 1:colcon.colcon_core.package_identification:_identify(.) by extension 'ignore'
[0.501s] Level 1:colcon.colcon_core.package_identification:_identify(.) by extension 'ignore_ament_install'
[0.501s] Level 1:colcon.colcon_core.package_identification:_identify(.) by extensions ['colcon_pkg']
[0.501s] Level 1:colcon.colcon_core.package_identification:_identify(.) by extension 'colcon_pkg'
[0.501s] Level 1:colcon.colcon_core.package_identification:_identify(.) by extensions ['colcon_meta']
[0.501s] Level 1:colcon.colcon_core.package_identification:_identify(.) by extension 'colcon_meta'
[0.501s] Level 1:colcon.colcon_core.package_identification:_identify(.) by extensions ['ros']
[0.501s] Level 1:colcon.colcon_core.package_identification:_identify(.) by extension 'ros'
[0.514s] Level 1:colcon.colcon_core.package_identification:_identify(.) by extensions ['cmake', 'python']
[0.514s] Level 1:colcon.colcon_core.package_identification:_identify(.) by extension 'cmake'
[0.514s] Level 1:colcon.colcon_core.package_identification:_identify(.) by extension 'python'
[0.515s] Level 1:colcon.colcon_core.package_identification:_identify(.) by extensions ['python_setup_py']
[0.515s] Level 1:colcon.colcon_core.package_identification:_identify(.) by extension 'python_setup_py'
[0.515s] Level 1:colcon.colcon_core.package_identification:_identify(build) by extensions ['ignore', 'ignore_ament_install']
[0.515s] Level 1:colcon.colcon_core.package_identification:_identify(build) by extension 'ignore'
[0.515s] Level 1:colcon.colcon_core.package_identification:_identify(build) ignored
[0.515s] Level 1:colcon.colcon_core.package_identification:_identify(install) by extensions ['ignore', 'ignore_ament_install']
[0.515s] Level 1:colcon.colcon_core.package_identification:_identify(install) by extension 'ignore'
[0.515s] Level 1:colcon.colcon_core.package_identification:_identify(install) ignored
[0.515s] Level 1:colcon.colcon_core.package_identification:_identify(log) by extensions ['ignore', 'ignore_ament_install']
[0.515s] Level 1:colcon.colcon_core.package_identification:_identify(log) by extension 'ignore'
[0.515s] Level 1:colcon.colcon_core.package_identification:_identify(log) ignored
[0.515s] Level 1:colcon.colcon_core.package_identification:_identify(src) by extensions ['ignore', 'ignore_ament_install']
[0.515s] Level 1:colcon.colcon_core.package_identification:_identify(src) by extension 'ignore'
[0.515s] Level 1:colcon.colcon_core.package_identification:_identify(src) by extension 'ignore_ament_install'
[0.515s] Level 1:colcon.colcon_core.package_identification:_identify(src) by extensions ['colcon_pkg']
[0.515s] Level 1:colcon.colcon_core.package_identification:_identify(src) by extension 'colcon_pkg'
[0.515s] Level 1:colcon.colcon_core.package_identification:_identify(src) by extensions ['colcon_meta']
[0.516s] Level 1:colcon.colcon_core.package_identification:_identify(src) by extension 'colcon_meta'
[0.516s] Level 1:colcon.colcon_core.package_identification:_identify(src) by extensions ['ros']
[0.516s] Level 1:colcon.colcon_core.package_identification:_identify(src) by extension 'ros'
[0.516s] Level 1:colcon.colcon_core.package_identification:_identify(src) by extensions ['cmake', 'python']
[0.516s] Level 1:colcon.colcon_core.package_identification:_identify(src) by extension 'cmake'
[0.516s] Level 1:colcon.colcon_core.package_identification:_identify(src) by extension 'python'
[0.516s] Level 1:colcon.colcon_core.package_identification:_identify(src) by extensions ['python_setup_py']
[0.516s] Level 1:colcon.colcon_core.package_identification:_identify(src) by extension 'python_setup_py'
[0.516s] Level 1:colcon.colcon_core.package_identification:_identify(src/robot_description) by extensions ['ignore', 'ignore_ament_install']
[0.516s] Level 1:colcon.colcon_core.package_identification:_identify(src/robot_description) by extension 'ignore'
[0.516s] Level 1:colcon.colcon_core.package_identification:_identify(src/robot_description) by extension 'ignore_ament_install'
[0.516s] Level 1:colcon.colcon_core.package_identification:_identify(src/robot_description) by extensions ['colcon_pkg']
[0.516s] Level 1:colcon.colcon_core.package_identification:_identify(src/robot_description) by extension 'colcon_pkg'
[0.516s] Level 1:colcon.colcon_core.package_identification:_identify(src/robot_description) by extensions ['colcon_meta']
[0.516s] Level 1:colcon.colcon_core.package_identification:_identify(src/robot_description) by extension 'colcon_meta'
[0.516s] Level 1:colcon.colcon_core.package_identification:_identify(src/robot_description) by extensions ['ros']
[0.516s] Level 1:colcon.colcon_core.package_identification:_identify(src/robot_description) by extension 'ros'
[0.516s] Level 1:colcon.colcon_core.package_identification:_identify(src/robot_description) by extensions ['cmake', 'python']
[0.516s] Level 1:colcon.colcon_core.package_identification:_identify(src/robot_description) by extension 'cmake'
[0.516s] Level 1:colcon.colcon_core.package_identification:_identify(src/robot_description) by extension 'python'
[0.516s] Level 1:colcon.colcon_core.package_identification:_identify(src/robot_description) by extensions ['python_setup_py']
[0.516s] Level 1:colcon.colcon_core.package_identification:_identify(src/robot_description) by extension 'python_setup_py'
[0.516s] Level 1:colcon.colcon_core.package_identification:_identify(src/robot_description/USD) by extensions ['ignore', 'ignore_ament_install']
[0.516s] Level 1:colcon.colcon_core.package_identification:_identify(src/robot_description/USD) by extension 'ignore'
[0.517s] Level 1:colcon.colcon_core.package_identification:_identify(src/robot_description/USD) by extension 'ignore_ament_install'
[0.517s] Level 1:colcon.colcon_core.package_identification:_identify(src/robot_description/USD) by extensions ['colcon_pkg']
[0.517s] Level 1:colcon.colcon_core.package_identification:_identify(src/robot_description/USD) by extension 'colcon_pkg'
[0.517s] Level 1:colcon.colcon_core.package_identification:_identify(src/robot_description/USD) by extensions ['colcon_meta']
[0.517s] Level 1:colcon.colcon_core.package_identification:_identify(src/robot_description/USD) by extension 'colcon_meta'
[0.517s] Level 1:colcon.colcon_core.package_identification:_identify(src/robot_description/USD) by extensions ['ros']
[0.517s] Level 1:colcon.colcon_core.package_identification:_identify(src/robot_description/USD) by extension 'ros'
[0.517s] Level 1:colcon.colcon_core.package_identification:_identify(src/robot_description/USD) by extensions ['cmake', 'python']
[0.517s] Level 1:colcon.colcon_core.package_identification:_identify(src/robot_description/USD) by extension 'cmake'
[0.517s] Level 1:colcon.colcon_core.package_identification:_identify(src/robot_description/USD) by extension 'python'
[0.517s] Level 1:colcon.colcon_core.package_identification:_identify(src/robot_description/USD) by extensions ['python_setup_py']
[0.517s] Level 1:colcon.colcon_core.package_identification:_identify(src/robot_description/USD) by extension 'python_setup_py'
[0.517s] Level 1:colcon.colcon_core.package_identification:_identify(src/robot_description/nero_description) by extensions ['ignore', 'ignore_ament_install']
[0.517s] Level 1:colcon.colcon_core.package_identification:_identify(src/robot_description/nero_description) by extension 'ignore'
[0.517s] Level 1:colcon.colcon_core.package_identification:_identify(src/robot_description/nero_description) by extension 'ignore_ament_install'
[0.517s] Level 1:colcon.colcon_core.package_identification:_identify(src/robot_description/nero_description) by extensions ['colcon_pkg']
[0.517s] Level 1:colcon.colcon_core.package_identification:_identify(src/robot_description/nero_description) by extension 'colcon_pkg'
[0.517s] Level 1:colcon.colcon_core.package_identification:_identify(src/robot_description/nero_description) by extensions ['colcon_meta']
[0.517s] Level 1:colcon.colcon_core.package_identification:_identify(src/robot_description/nero_description) by extension 'colcon_meta'
[0.517s] Level 1:colcon.colcon_core.package_identification:_identify(src/robot_description/nero_description) by extensions ['ros']
[0.517s] Level 1:colcon.colcon_core.package_identification:_identify(src/robot_description/nero_description) by extension 'ros'
[0.522s] DEBUG:colcon.colcon_core.package_identification:Package 'src/robot_description/nero_description' with type 'ros.ament_cmake' and name 'nero_description'
[0.522s] Level 1:colcon.colcon_core.package_discovery:discover_packages(recursive) using defaults
[0.522s] Level 1:colcon.colcon_core.package_discovery:discover_packages(ignore) discover
[0.522s] Level 1:colcon.colcon_core.package_discovery:discover_packages(ignore) using defaults
[0.522s] Level 1:colcon.colcon_core.package_discovery:discover_packages(path) discover
[0.522s] Level 1:colcon.colcon_core.package_discovery:discover_packages(path) using defaults
[0.563s] Level 1:colcon.colcon_core.package_discovery:discover_packages(prefix_path) check parameters
[0.563s] Level 1:colcon.colcon_core.package_discovery:discover_packages(prefix_path) discover
[0.566s] DEBUG:colcon.colcon_installed_package_information.package_discovery:Found 1 installed packages in /home/databeyond/agx_arm/nero_ws/install
[0.567s] DEBUG:colcon.colcon_installed_package_information.package_discovery:Found 389 installed packages in /opt/ros/humble
[0.568s] Level 1:colcon.colcon_core.package_discovery:discover_packages(prefix_path) using defaults
[0.659s] Level 5:colcon.colcon_core.verb:set package 'nero_description' build argument 'cmake_args' from command line to 'None'
[0.660s] Level 5:colcon.colcon_core.verb:set package 'nero_description' build argument 'cmake_target' from command line to 'None'
[0.660s] Level 5:colcon.colcon_core.verb:set package 'nero_description' build argument 'cmake_target_skip_unavailable' from command line to 'False'
[0.660s] Level 5:colcon.colcon_core.verb:set package 'nero_description' build argument 'cmake_clean_cache' from command line to 'False'
[0.660s] Level 5:colcon.colcon_core.verb:set package 'nero_description' build argument 'cmake_clean_first' from command line to 'False'
[0.660s] Level 5:colcon.colcon_core.verb:set package 'nero_description' build argument 'cmake_force_configure' from command line to 'False'
[0.660s] Level 5:colcon.colcon_core.verb:set package 'nero_description' build argument 'ament_cmake_args' from command line to 'None'
[0.660s] Level 5:colcon.colcon_core.verb:set package 'nero_description' build argument 'catkin_cmake_args' from command line to 'None'
[0.660s] Level 5:colcon.colcon_core.verb:set package 'nero_description' build argument 'catkin_skip_building_tests' from command line to 'False'
[0.660s] DEBUG:colcon.colcon_core.verb:Building package 'nero_description' with the following arguments: {'ament_cmake_args': None, 'build_base': '/home/databeyond/agx_arm/nero_ws/build/nero_description', 'catkin_cmake_args': None, 'catkin_skip_building_tests': False, 'cmake_args': None, 'cmake_clean_cache': False, 'cmake_clean_first': False, 'cmake_force_configure': False, 'cmake_target': None, 'cmake_target_skip_unavailable': False, 'install_base': '/home/databeyond/agx_arm/nero_ws/install/nero_description', 'merge_install': False, 'path': '/home/databeyond/agx_arm/nero_ws/src/robot_description/nero_description', 'symlink_install': False, 'test_result_base': None}
[0.660s] INFO:colcon.colcon_core.executor:Executing jobs using 'parallel' executor
[0.661s] DEBUG:colcon.colcon_parallel_executor.executor.parallel:run_until_complete
[0.661s] INFO:colcon.colcon_ros.task.ament_cmake.build:Building ROS package in '/home/databeyond/agx_arm/nero_ws/src/robot_description/nero_description' with build type 'ament_cmake'
[0.661s] INFO:colcon.colcon_cmake.task.cmake.build:Building CMake package in '/home/databeyond/agx_arm/nero_ws/src/robot_description/nero_description'
[0.665s] INFO:colcon.colcon_core.plugin_system:Skipping extension 'colcon_core.shell.bat': Not used on non-Windows systems
[0.665s] INFO:colcon.colcon_core.shell:Skip shell extension 'powershell' for command environment: Not usable outside of PowerShell
[0.665s] DEBUG:colcon.colcon_core.shell:Skip shell extension 'dsv' for command environment
[0.672s] DEBUG:colcon.colcon_core.event_handler.log_command:Invoking command in '/home/databeyond/agx_arm/nero_ws/build/nero_description': CMAKE_PREFIX_PATH=${CMAKE_PREFIX_PATH}:/opt/ros/humble CONDA_PROMPT_MODIFIER=(ros2) /usr/bin/cmake --build /home/databeyond/agx_arm/nero_ws/build/nero_description -- -j16 -l16
[0.766s] DEBUG:colcon.colcon_core.event_handler.log_command:Invoked command in '/home/databeyond/agx_arm/nero_ws/build/nero_description' returned '0': CMAKE_PREFIX_PATH=${CMAKE_PREFIX_PATH}:/opt/ros/humble CONDA_PROMPT_MODIFIER=(ros2) /usr/bin/cmake --build /home/databeyond/agx_arm/nero_ws/build/nero_description -- -j16 -l16
[0.777s] DEBUG:colcon.colcon_core.event_handler.log_command:Invoking command in '/home/databeyond/agx_arm/nero_ws/build/nero_description': CMAKE_PREFIX_PATH=${CMAKE_PREFIX_PATH}:/opt/ros/humble CONDA_PROMPT_MODIFIER=(ros2) /usr/bin/cmake --install /home/databeyond/agx_arm/nero_ws/build/nero_description
[0.790s] Level 1:colcon.colcon_core.environment:create_environment_scripts_only(nero_description)
[0.791s] DEBUG:colcon.colcon_core.event_handler.log_command:Invoked command in '/home/databeyond/agx_arm/nero_ws/build/nero_description' returned '0': CMAKE_PREFIX_PATH=${CMAKE_PREFIX_PATH}:/opt/ros/humble CONDA_PROMPT_MODIFIER=(ros2) /usr/bin/cmake --install /home/databeyond/agx_arm/nero_ws/build/nero_description
[0.796s] Level 1:colcon.colcon_core.environment:checking '/home/databeyond/agx_arm/nero_ws/install/nero_description' for CMake module files
[0.797s] Level 1:colcon.colcon_core.environment:checking '/home/databeyond/agx_arm/nero_ws/install/nero_description' for CMake config files
[0.797s] Level 1:colcon.colcon_core.shell:create_environment_hook('nero_description', 'cmake_prefix_path')
[0.797s] INFO:colcon.colcon_core.shell:Creating environment hook '/home/databeyond/agx_arm/nero_ws/install/nero_description/share/nero_description/hook/cmake_prefix_path.ps1'
[0.798s] INFO:colcon.colcon_core.shell:Creating environment descriptor '/home/databeyond/agx_arm/nero_ws/install/nero_description/share/nero_description/hook/cmake_prefix_path.dsv'
[0.799s] INFO:colcon.colcon_core.shell:Creating environment hook '/home/databeyond/agx_arm/nero_ws/install/nero_description/share/nero_description/hook/cmake_prefix_path.sh'
[0.800s] Level 1:colcon.colcon_core.environment:checking '/home/databeyond/agx_arm/nero_ws/install/nero_description/lib'
[0.800s] Level 1:colcon.colcon_core.environment:checking '/home/databeyond/agx_arm/nero_ws/install/nero_description/bin'
[0.800s] Level 1:colcon.colcon_core.environment:checking '/home/databeyond/agx_arm/nero_ws/install/nero_description/lib/pkgconfig/nero_description.pc'
[0.801s] Level 1:colcon.colcon_core.environment:checking '/home/databeyond/agx_arm/nero_ws/install/nero_description/lib/python3.10/site-packages'
[0.801s] Level 1:colcon.colcon_core.environment:checking '/home/databeyond/agx_arm/nero_ws/install/nero_description/bin'
[0.801s] INFO:colcon.colcon_core.shell:Creating package script '/home/databeyond/agx_arm/nero_ws/install/nero_description/share/nero_description/package.ps1'
[0.803s] INFO:colcon.colcon_core.shell:Creating package descriptor '/home/databeyond/agx_arm/nero_ws/install/nero_description/share/nero_description/package.dsv'
[0.804s] INFO:colcon.colcon_core.shell:Creating package script '/home/databeyond/agx_arm/nero_ws/install/nero_description/share/nero_description/package.sh'
[0.805s] INFO:colcon.colcon_core.shell:Creating package script '/home/databeyond/agx_arm/nero_ws/install/nero_description/share/nero_description/package.bash'
[0.806s] INFO:colcon.colcon_core.shell:Creating package script '/home/databeyond/agx_arm/nero_ws/install/nero_description/share/nero_description/package.zsh'
[0.807s] Level 1:colcon.colcon_core.environment:create_file_with_runtime_dependencies(/home/databeyond/agx_arm/nero_ws/install/nero_description/share/colcon-core/packages/nero_description)
[0.807s] Level 1:colcon.colcon_core.environment:create_environment_scripts_only(nero_description)
[0.807s] Level 1:colcon.colcon_core.environment:checking '/home/databeyond/agx_arm/nero_ws/install/nero_description' for CMake module files
[0.808s] Level 1:colcon.colcon_core.environment:checking '/home/databeyond/agx_arm/nero_ws/install/nero_description' for CMake config files
[0.808s] Level 1:colcon.colcon_core.shell:create_environment_hook('nero_description', 'cmake_prefix_path')
[0.808s] INFO:colcon.colcon_core.shell:Creating environment hook '/home/databeyond/agx_arm/nero_ws/install/nero_description/share/nero_description/hook/cmake_prefix_path.ps1'
[0.809s] INFO:colcon.colcon_core.shell:Creating environment descriptor '/home/databeyond/agx_arm/nero_ws/install/nero_description/share/nero_description/hook/cmake_prefix_path.dsv'
[0.809s] INFO:colcon.colcon_core.shell:Creating environment hook '/home/databeyond/agx_arm/nero_ws/install/nero_description/share/nero_description/hook/cmake_prefix_path.sh'
[0.809s] Level 1:colcon.colcon_core.environment:checking '/home/databeyond/agx_arm/nero_ws/install/nero_description/lib'
[0.809s] Level 1:colcon.colcon_core.environment:checking '/home/databeyond/agx_arm/nero_ws/install/nero_description/bin'
[0.810s] Level 1:colcon.colcon_core.environment:checking '/home/databeyond/agx_arm/nero_ws/install/nero_description/lib/pkgconfig/nero_description.pc'
[0.810s] Level 1:colcon.colcon_core.environment:checking '/home/databeyond/agx_arm/nero_ws/install/nero_description/lib/python3.10/site-packages'
[0.810s] Level 1:colcon.colcon_core.environment:checking '/home/databeyond/agx_arm/nero_ws/install/nero_description/bin'
[0.810s] INFO:colcon.colcon_core.shell:Creating package script '/home/databeyond/agx_arm/nero_ws/install/nero_description/share/nero_description/package.ps1'
[0.811s] INFO:colcon.colcon_core.shell:Creating package descriptor '/home/databeyond/agx_arm/nero_ws/install/nero_description/share/nero_description/package.dsv'
[0.811s] INFO:colcon.colcon_core.shell:Creating package script '/home/databeyond/agx_arm/nero_ws/install/nero_description/share/nero_description/package.sh'
[0.811s] INFO:colcon.colcon_core.shell:Creating package script '/home/databeyond/agx_arm/nero_ws/install/nero_description/share/nero_description/package.bash'
[0.812s] INFO:colcon.colcon_core.shell:Creating package script '/home/databeyond/agx_arm/nero_ws/install/nero_description/share/nero_description/package.zsh'
[0.812s] Level 1:colcon.colcon_core.environment:create_file_with_runtime_dependencies(/home/databeyond/agx_arm/nero_ws/install/nero_description/share/colcon-core/packages/nero_description)
[0.812s] DEBUG:colcon.colcon_parallel_executor.executor.parallel:closing loop
[0.813s] DEBUG:colcon.colcon_parallel_executor.executor.parallel:loop closed
[0.813s] DEBUG:colcon.colcon_parallel_executor.executor.parallel:run_until_complete finished with '0'
[0.813s] DEBUG:colcon.colcon_core.event_reactor:joining thread
[0.823s] INFO:colcon.colcon_core.plugin_system:Skipping extension 'colcon_notification.desktop_notification.terminal_notifier': Not used on non-Darwin systems
[0.823s] INFO:colcon.colcon_core.plugin_system:Skipping extension 'colcon_notification.desktop_notification.win32': Not used on non-Windows systems
[0.823s] INFO:colcon.colcon_notification.desktop_notification:Sending desktop notification using 'notify2'
[0.837s] DEBUG:colcon.colcon_core.event_reactor:joined thread
[0.837s] INFO:colcon.colcon_core.shell:Creating prefix script '/home/databeyond/agx_arm/nero_ws/install/local_setup.ps1'
[0.838s] INFO:colcon.colcon_core.shell:Creating prefix util module '/home/databeyond/agx_arm/nero_ws/install/_local_setup_util_ps1.py'
[0.840s] INFO:colcon.colcon_core.shell:Creating prefix chain script '/home/databeyond/agx_arm/nero_ws/install/setup.ps1'
[0.841s] INFO:colcon.colcon_core.shell:Creating prefix script '/home/databeyond/agx_arm/nero_ws/install/local_setup.sh'
[0.843s] INFO:colcon.colcon_core.shell:Creating prefix util module '/home/databeyond/agx_arm/nero_ws/install/_local_setup_util_sh.py'
[0.844s] INFO:colcon.colcon_core.shell:Creating prefix chain script '/home/databeyond/agx_arm/nero_ws/install/setup.sh'
[0.845s] INFO:colcon.colcon_core.shell:Creating prefix script '/home/databeyond/agx_arm/nero_ws/install/local_setup.bash'
[0.846s] INFO:colcon.colcon_core.shell:Creating prefix chain script '/home/databeyond/agx_arm/nero_ws/install/setup.bash'
[0.847s] INFO:colcon.colcon_core.shell:Creating prefix script '/home/databeyond/agx_arm/nero_ws/install/local_setup.zsh'
[0.847s] INFO:colcon.colcon_core.shell:Creating prefix chain script '/home/databeyond/agx_arm/nero_ws/install/setup.zsh'
