[0.008s] Invoking command in '/home/databeyond/agx_arm/nero_ws/build/nero_description': CMAKE_PREFIX_PATH=/opt/ros/humble CONDA_PROMPT_MODIFIER=(base) /usr/bin/cmake /home/databeyond/agx_arm/nero_ws/src/robot_description/nero_description -DCMAKE_INSTALL_PREFIX=/home/databeyond/agx_arm/nero_ws/install/nero_description
[0.175s] -- The C compiler identification is GNU 11.4.0
[0.307s] -- The CXX compiler identification is GNU 11.4.0
[0.316s] -- Detecting C compiler ABI info
[0.382s] -- Detecting C compiler ABI info - done
[0.394s] -- Check for working C compiler: /usr/bin/cc - skipped
[0.394s] -- Detecting C compile features
[0.395s] -- Detecting C compile features - done
[0.399s] -- Detecting CXX compiler ABI info
[0.489s] -- Detecting CXX compiler ABI info - done
[0.499s] -- Check for working CXX compiler: /usr/bin/c++ - skipped
[0.499s] -- Detecting CXX compile features
[0.500s] -- Detecting CXX compile features - done
[0.504s] -- Found ament_cmake: 1.3.12 (/opt/ros/humble/share/ament_cmake/cmake)
[0.842s] -- Found Python3: /home/databeyond/miniforge3/bin/python3 (found version "3.12.12") found components: Interpreter 
[0.926s] -- Found ament_lint_auto: 0.12.14 (/opt/ros/humble/share/ament_lint_auto/cmake)
[1.021s] -- Added test 'copyright' to check source files copyright and LICENSE
[1.024s] -- Added test 'flake8' to check Python code syntax and style conventions
[1.024s] -- Added test 'lint_cmake' to check CMake code style
[1.025s] -- Added test 'pep257' to check Python code against some of the docstring style conventions in PEP 257
[1.026s] -- Added test 'xmllint' to check XML markup files
[1.027s] -- Configuring done
[1.029s] -- Generating done
[1.030s] -- Build files have been written to: /home/databeyond/agx_arm/nero_ws/build/nero_description
[1.034s] Invoked command in '/home/databeyond/agx_arm/nero_ws/build/nero_description' returned '0': CMAKE_PREFIX_PATH=/opt/ros/humble CONDA_PROMPT_MODIFIER=(base) /usr/bin/cmake /home/databeyond/agx_arm/nero_ws/src/robot_description/nero_description -DCMAKE_INSTALL_PREFIX=/home/databeyond/agx_arm/nero_ws/install/nero_description
[1.035s] Invoking command in '/home/databeyond/agx_arm/nero_ws/build/nero_description': CMAKE_PREFIX_PATH=/opt/ros/humble CONDA_PROMPT_MODIFIER=(base) /usr/bin/cmake --build /home/databeyond/agx_arm/nero_ws/build/nero_description -- -j16 -l16
[1.064s] Invoked command in '/home/databeyond/agx_arm/nero_ws/build/nero_description' returned '0': CMAKE_PREFIX_PATH=/opt/ros/humble CONDA_PROMPT_MODIFIER=(base) /usr/bin/cmake --build /home/databeyond/agx_arm/nero_ws/build/nero_description -- -j16 -l16
[1.071s] Invoking command in '/home/databeyond/agx_arm/nero_ws/build/nero_description': CMAKE_PREFIX_PATH=/opt/ros/humble CONDA_PROMPT_MODIFIER=(base) /usr/bin/cmake --install /home/databeyond/agx_arm/nero_ws/build/nero_description
[1.077s] -- Install configuration: ""
[1.077s] -- Installing: /home/databeyond/agx_arm/nero_ws/install/nero_description/share/nero_description/launch
[1.077s] -- Installing: /home/databeyond/agx_arm/nero_ws/install/nero_description/share/nero_description/launch/display.launch
[1.077s] -- Installing: /home/databeyond/agx_arm/nero_ws/install/nero_description/share/nero_description/launch/gazebo.launch
[1.078s] -- Installing: /home/databeyond/agx_arm/nero_ws/install/nero_description/share/nero_description/launch/gazebo_control.launch.py
[1.078s] -- Installing: /home/databeyond/agx_arm/nero_ws/install/nero_description/share/nero_description/launch/display_urdf.launch.py
[1.078s] -- Installing: /home/databeyond/agx_arm/nero_ws/install/nero_description/share/nero_description/launch/display_xacro.launch.py
[1.078s] -- Installing: /home/databeyond/agx_arm/nero_ws/install/nero_description/share/nero_description/meshes
[1.078s] -- Installing: /home/databeyond/agx_arm/nero_ws/install/nero_description/share/nero_description/meshes/Link5.STL
[1.079s] -- Installing: /home/databeyond/agx_arm/nero_ws/install/nero_description/share/nero_description/meshes/Link6.STL
[1.079s] -- Installing: /home/databeyond/agx_arm/nero_ws/install/nero_description/share/nero_description/meshes/Link3.STL
[1.080s] -- Installing: /home/databeyond/agx_arm/nero_ws/install/nero_description/share/nero_description/meshes/Link4.STL
[1.081s] -- Installing: /home/databeyond/agx_arm/nero_ws/install/nero_description/share/nero_description/meshes/Link1.STL
[1.082s] -- Installing: /home/databeyond/agx_arm/nero_ws/install/nero_description/share/nero_description/meshes/Link7.STL
[1.082s] -- Installing: /home/databeyond/agx_arm/nero_ws/install/nero_description/share/nero_description/meshes/dae
[1.082s] -- Installing: /home/databeyond/agx_arm/nero_ws/install/nero_description/share/nero_description/meshes/dae/link1.dae
[1.083s] -- Installing: /home/databeyond/agx_arm/nero_ws/install/nero_description/share/nero_description/meshes/dae/link7.dae
[1.083s] -- Installing: /home/databeyond/agx_arm/nero_ws/install/nero_description/share/nero_description/meshes/dae/link4.dae
[1.104s] -- Installing: /home/databeyond/agx_arm/nero_ws/install/nero_description/share/nero_description/meshes/dae/link5.dae
[1.111s] -- Installing: /home/databeyond/agx_arm/nero_ws/install/nero_description/share/nero_description/meshes/dae/link3.dae
[1.118s] -- Installing: /home/databeyond/agx_arm/nero_ws/install/nero_description/share/nero_description/meshes/dae/link6.dae
[1.119s] -- Installing: /home/databeyond/agx_arm/nero_ws/install/nero_description/share/nero_description/meshes/dae/base_link.dae
[1.120s] -- Installing: /home/databeyond/agx_arm/nero_ws/install/nero_description/share/nero_description/meshes/dae/link2.dae
[1.200s] -- Installing: /home/databeyond/agx_arm/nero_ws/install/nero_description/share/nero_description/meshes/base_link.STL
[1.200s] -- Installing: /home/databeyond/agx_arm/nero_ws/install/nero_description/share/nero_description/meshes/Link2.STL
[1.201s] -- Installing: /home/databeyond/agx_arm/nero_ws/install/nero_description/share/nero_description/rviz
[1.201s] -- Installing: /home/databeyond/agx_arm/nero_ws/install/nero_description/share/nero_description/rviz/piper_ctrl.rviz
[1.201s] -- Installing: /home/databeyond/agx_arm/nero_ws/install/nero_description/share/nero_description/rviz/piper_no_gripper.rviz
[1.201s] -- Installing: /home/databeyond/agx_arm/nero_ws/install/nero_description/share/nero_description/urdf
[1.201s] -- Installing: /home/databeyond/agx_arm/nero_ws/install/nero_description/share/nero_description/urdf/nero_description.csv
[1.203s] -- Installing: /home/databeyond/agx_arm/nero_ws/install/nero_description/share/nero_description/urdf/nero_description
[1.203s] -- Installing: /home/databeyond/agx_arm/nero_ws/install/nero_description/share/nero_description/urdf/nero_description/configuration
[1.203s] -- Installing: /home/databeyond/agx_arm/nero_ws/install/nero_description/share/nero_description/urdf/nero_description/configuration/nero_description_sensor.usd
[1.203s] -- Installing: /home/databeyond/agx_arm/nero_ws/install/nero_description/share/nero_description/urdf/nero_description/configuration/nero_description_robot.usd
[1.203s] -- Installing: /home/databeyond/agx_arm/nero_ws/install/nero_description/share/nero_description/urdf/nero_description/configuration/nero_description_base.usd
[1.371s] -- Installing: /home/databeyond/agx_arm/nero_ws/install/nero_description/share/nero_description/urdf/nero_description/configuration/nero_description_physics.usd
[1.371s] -- Installing: /home/databeyond/agx_arm/nero_ws/install/nero_description/share/nero_description/urdf/nero_description/nero_description.usd
[1.371s] -- Installing: /home/databeyond/agx_arm/nero_ws/install/nero_description/share/nero_description/urdf/bi_nero_description.urdf
[1.372s] -- Installing: /home/databeyond/agx_arm/nero_ws/install/nero_description/share/nero_description/urdf/nero_description.urdf
[1.372s] -- Installing: /home/databeyond/agx_arm/nero_ws/install/nero_description/share/nero_description/config
[1.372s] -- Installing: /home/databeyond/agx_arm/nero_ws/install/nero_description/share/nero_description/config/joint_names_nero_description.yaml
[1.372s] -- Installing: /home/databeyond/agx_arm/nero_ws/install/nero_description/share/nero_description/config/bi_nero_controllers.yaml
[1.372s] -- Up-to-date: /home/databeyond/agx_arm/nero_ws/install/nero_description/share/nero_description/launch/gazebo_control.launch.py
[1.372s] -- Installing: /home/databeyond/agx_arm/nero_ws/install/nero_description/share/nero_description/scripts
[1.372s] -- Installing: /home/databeyond/agx_arm/nero_ws/install/nero_description/share/nero_description/scripts/publish_joint_positions.py
[1.372s] -- Installing: /home/databeyond/agx_arm/nero_ws/install/nero_description/share/ament_index/resource_index/package_run_dependencies/nero_description
[1.372s] -- Installing: /home/databeyond/agx_arm/nero_ws/install/nero_description/share/ament_index/resource_index/parent_prefix_path/nero_description
[1.372s] -- Installing: /home/databeyond/agx_arm/nero_ws/install/nero_description/share/nero_description/environment/ament_prefix_path.sh
[1.372s] -- Installing: /home/databeyond/agx_arm/nero_ws/install/nero_description/share/nero_description/environment/ament_prefix_path.dsv
[1.373s] -- Installing: /home/databeyond/agx_arm/nero_ws/install/nero_description/share/nero_description/environment/path.sh
[1.373s] -- Installing: /home/databeyond/agx_arm/nero_ws/install/nero_description/share/nero_description/environment/path.dsv
[1.373s] -- Installing: /home/databeyond/agx_arm/nero_ws/install/nero_description/share/nero_description/local_setup.bash
[1.373s] -- Installing: /home/databeyond/agx_arm/nero_ws/install/nero_description/share/nero_description/local_setup.sh
[1.373s] -- Installing: /home/databeyond/agx_arm/nero_ws/install/nero_description/share/nero_description/local_setup.zsh
[1.373s] -- Installing: /home/databeyond/agx_arm/nero_ws/install/nero_description/share/nero_description/local_setup.dsv
[1.373s] -- Installing: /home/databeyond/agx_arm/nero_ws/install/nero_description/share/nero_description/package.dsv
[1.374s] -- Installing: /home/databeyond/agx_arm/nero_ws/install/nero_description/share/ament_index/resource_index/packages/nero_description
[1.374s] -- Installing: /home/databeyond/agx_arm/nero_ws/install/nero_description/share/nero_description/cmake/nero_descriptionConfig.cmake
[1.374s] -- Installing: /home/databeyond/agx_arm/nero_ws/install/nero_description/share/nero_description/cmake/nero_descriptionConfig-version.cmake
[1.374s] -- Installing: /home/databeyond/agx_arm/nero_ws/install/nero_description/share/nero_description/package.xml
[1.376s] Invoked command in '/home/databeyond/agx_arm/nero_ws/build/nero_description' returned '0': CMAKE_PREFIX_PATH=/opt/ros/humble CONDA_PROMPT_MODIFIER=(base) /usr/bin/cmake --install /home/databeyond/agx_arm/nero_ws/build/nero_description
