[0.012s] Invoking command in '/home/alexlin1/nero_ws/build/nero_description': CMAKE_PREFIX_PATH=${CMAKE_PREFIX_PATH}:/opt/ros/humble /usr/bin/cmake --build /home/alexlin1/nero_ws/build/nero_description -- -j8 -l8
[0.033s] -- Found ament_cmake: 1.3.12 (/opt/ros/humble/share/ament_cmake/cmake)
[0.173s] -- Found ament_lint_auto: 0.12.14 (/opt/ros/humble/share/ament_lint_auto/cmake)
[0.269s] -- Added test 'copyright' to check source files copyright and LICENSE
[0.276s] -- Added test 'flake8' to check Python code syntax and style conventions
[0.278s] -- Added test 'lint_cmake' to check CMake code style
[0.279s] -- Added test 'pep257' to check Python code against some of the docstring style conventions in PEP 257
[0.283s] -- Added test 'xmllint' to check XML markup files
[0.284s] -- Configuring done
[0.288s] -- Generating done
[0.290s] -- Build files have been written to: /home/alexlin1/nero_ws/build/nero_description
[0.316s] Invoked command in '/home/alexlin1/nero_ws/build/nero_description' returned '0': CMAKE_PREFIX_PATH=${CMAKE_PREFIX_PATH}:/opt/ros/humble /usr/bin/cmake --build /home/alexlin1/nero_ws/build/nero_description -- -j8 -l8
[0.328s] Invoking command in '/home/alexlin1/nero_ws/build/nero_description': CMAKE_PREFIX_PATH=${CMAKE_PREFIX_PATH}:/opt/ros/humble /usr/bin/cmake --install /home/alexlin1/nero_ws/build/nero_description
[0.336s] -- Install configuration: ""
[0.337s] -- Up-to-date: /home/alexlin1/nero_ws/install/nero_description/share/nero_description/launch
[0.337s] -- Up-to-date: /home/alexlin1/nero_ws/install/nero_description/share/nero_description/launch/gazebo.launch
[0.337s] -- Up-to-date: /home/alexlin1/nero_ws/install/nero_description/share/nero_description/launch/display_xacro.launch.py
[0.337s] -- Up-to-date: /home/alexlin1/nero_ws/install/nero_description/share/nero_description/launch/rviz_gazebo.launch.py
[0.337s] -- Up-to-date: /home/alexlin1/nero_ws/install/nero_description/share/nero_description/launch/ppo_sim2sim.launch.py
[0.337s] -- Up-to-date: /home/alexlin1/nero_ws/install/nero_description/share/nero_description/launch/gazebo_control.launch.py
[0.338s] -- Up-to-date: /home/alexlin1/nero_ws/install/nero_description/share/nero_description/launch/ppo_sim2real.launch.py
[0.338s] -- Up-to-date: /home/alexlin1/nero_ws/install/nero_description/share/nero_description/launch/display_urdf.launch.py
[0.338s] -- Up-to-date: /home/alexlin1/nero_ws/install/nero_description/share/nero_description/launch/display.launch
[0.338s] -- Up-to-date: /home/alexlin1/nero_ws/install/nero_description/share/nero_description/launch/rviz_real.launch.py
[0.338s] -- Up-to-date: /home/alexlin1/nero_ws/install/nero_description/share/nero_description/meshes
[0.338s] -- Up-to-date: /home/alexlin1/nero_ws/install/nero_description/share/nero_description/meshes/Link2.STL
[0.338s] -- Up-to-date: /home/alexlin1/nero_ws/install/nero_description/share/nero_description/meshes/Link7.STL
[0.338s] -- Up-to-date: /home/alexlin1/nero_ws/install/nero_description/share/nero_description/meshes/Link3.STL
[0.338s] -- Up-to-date: /home/alexlin1/nero_ws/install/nero_description/share/nero_description/meshes/base_link.STL
[0.338s] -- Up-to-date: /home/alexlin1/nero_ws/install/nero_description/share/nero_description/meshes/Link6.STL
[0.338s] -- Up-to-date: /home/alexlin1/nero_ws/install/nero_description/share/nero_description/meshes/Link5.STL
[0.339s] -- Up-to-date: /home/alexlin1/nero_ws/install/nero_description/share/nero_description/meshes/Link4.STL
[0.339s] -- Up-to-date: /home/alexlin1/nero_ws/install/nero_description/share/nero_description/meshes/dae
[0.339s] -- Up-to-date: /home/alexlin1/nero_ws/install/nero_description/share/nero_description/meshes/dae/link4.dae
[0.339s] -- Up-to-date: /home/alexlin1/nero_ws/install/nero_description/share/nero_description/meshes/dae/link1.dae
[0.339s] -- Up-to-date: /home/alexlin1/nero_ws/install/nero_description/share/nero_description/meshes/dae/link7.dae
[0.339s] -- Up-to-date: /home/alexlin1/nero_ws/install/nero_description/share/nero_description/meshes/dae/link2.dae
[0.339s] -- Up-to-date: /home/alexlin1/nero_ws/install/nero_description/share/nero_description/meshes/dae/link3.dae
[0.339s] -- Up-to-date: /home/alexlin1/nero_ws/install/nero_description/share/nero_description/meshes/dae/link6.dae
[0.340s] -- Up-to-date: /home/alexlin1/nero_ws/install/nero_description/share/nero_description/meshes/dae/link5.dae
[0.340s] -- Up-to-date: /home/alexlin1/nero_ws/install/nero_description/share/nero_description/meshes/dae/base_link.dae
[0.340s] -- Up-to-date: /home/alexlin1/nero_ws/install/nero_description/share/nero_description/meshes/Link1.STL
[0.340s] -- Up-to-date: /home/alexlin1/nero_ws/install/nero_description/share/nero_description/rviz
[0.340s] -- Up-to-date: /home/alexlin1/nero_ws/install/nero_description/share/nero_description/rviz/bi_nero_gazebo.rviz
[0.340s] -- Up-to-date: /home/alexlin1/nero_ws/install/nero_description/share/nero_description/rviz/piper_no_gripper.rviz
[0.340s] -- Up-to-date: /home/alexlin1/nero_ws/install/nero_description/share/nero_description/rviz/piper_ctrl.rviz
[0.340s] -- Up-to-date: /home/alexlin1/nero_ws/install/nero_description/share/nero_description/urdf
[0.340s] -- Up-to-date: /home/alexlin1/nero_ws/install/nero_description/share/nero_description/urdf/nero_description.csv
[0.341s] -- Up-to-date: /home/alexlin1/nero_ws/install/nero_description/share/nero_description/urdf/nero_description.urdf
[0.341s] -- Up-to-date: /home/alexlin1/nero_ws/install/nero_description/share/nero_description/urdf/nero_description
[0.341s] -- Up-to-date: /home/alexlin1/nero_ws/install/nero_description/share/nero_description/urdf/nero_description/nero_description.usd
[0.341s] -- Up-to-date: /home/alexlin1/nero_ws/install/nero_description/share/nero_description/urdf/nero_description/configuration
[0.341s] -- Up-to-date: /home/alexlin1/nero_ws/install/nero_description/share/nero_description/urdf/nero_description/configuration/nero_description_robot.usd
[0.341s] -- Up-to-date: /home/alexlin1/nero_ws/install/nero_description/share/nero_description/urdf/nero_description/configuration/nero_description_base.usd
[0.341s] -- Up-to-date: /home/alexlin1/nero_ws/install/nero_description/share/nero_description/urdf/nero_description/configuration/nero_description_physics.usd
[0.341s] -- Up-to-date: /home/alexlin1/nero_ws/install/nero_description/share/nero_description/urdf/nero_description/configuration/nero_description_sensor.usd
[0.341s] -- Up-to-date: /home/alexlin1/nero_ws/install/nero_description/share/nero_description/urdf/bi_nero_description.urdf
[0.342s] -- Up-to-date: /home/alexlin1/nero_ws/install/nero_description/share/nero_description/config
[0.342s] -- Up-to-date: /home/alexlin1/nero_ws/install/nero_description/share/nero_description/config/joint_names_nero_description.yaml
[0.342s] -- Up-to-date: /home/alexlin1/nero_ws/install/nero_description/share/nero_description/config/bi_nero_controllers.yaml
[0.342s] -- Up-to-date: /home/alexlin1/nero_ws/install/nero_description/share/nero_description/config/policy.pt
[0.342s] -- Up-to-date: /home/alexlin1/nero_ws/install/nero_description/share/nero_description/launch/gazebo_control.launch.py
[0.342s] -- Up-to-date: /home/alexlin1/nero_ws/install/nero_description/share/nero_description/launch/rviz_gazebo.launch.py
[0.342s] -- Up-to-date: /home/alexlin1/nero_ws/install/nero_description/share/nero_description/launch/ppo_sim2sim.launch.py
[0.342s] -- Up-to-date: /home/alexlin1/nero_ws/install/nero_description/share/nero_description/scripts
[0.343s] -- Up-to-date: /home/alexlin1/nero_ws/install/nero_description/share/nero_description/scripts/publish_joint_positions.py
[0.343s] -- Installing: /home/alexlin1/nero_ws/install/nero_description/share/nero_description/scripts/sim_ppo_play.py
[0.344s] -- Up-to-date: /home/alexlin1/nero_ws/install/nero_description/share/nero_description/scripts/gain_joint_positions.py
[0.344s] -- Up-to-date: /home/alexlin1/nero_ws/install/nero_description/share/nero_description/scripts/Untitled
[0.344s] -- Installing: /home/alexlin1/nero_ws/install/nero_description/share/nero_description/scripts/publish_real_joint_positions.py
[0.344s] -- Up-to-date: /home/alexlin1/nero_ws/install/nero_description/share/nero_description/scripts/__pycache__
[0.344s] -- Up-to-date: /home/alexlin1/nero_ws/install/nero_description/share/nero_description/scripts/__pycache__/gain_real_joint_positions.cpython-310.pyc
[0.345s] -- Up-to-date: /home/alexlin1/nero_ws/install/nero_description/share/nero_description/scripts/gain_real_joint_positions.py
[0.345s] -- Up-to-date: /home/alexlin1/nero_ws/install/nero_description/share/nero_description/scripts/spawn_reach_targets.py
[0.345s] -- Up-to-date: /home/alexlin1/nero_ws/install/nero_description/share/nero_description/scripts/gazebo_ppo_play.py
[0.345s] -- Up-to-date: /home/alexlin1/nero_ws/install/nero_description/lib/nero_description/publish_joint_positions
[0.346s] -- Up-to-date: /home/alexlin1/nero_ws/install/nero_description/lib/nero_description/gain_joint_positions
[0.346s] -- Up-to-date: /home/alexlin1/nero_ws/install/nero_description/lib/nero_description/spawn_reach_targets
[0.346s] -- Up-to-date: /home/alexlin1/nero_ws/install/nero_description/lib/nero_description/gazebo_ppo_play
[0.346s] -- Up-to-date: /home/alexlin1/nero_ws/install/nero_description/lib/nero_description/gain_real_joint_positions
[0.346s] -- Installing: /home/alexlin1/nero_ws/install/nero_description/lib/nero_description/publish_real_joint_positions
[0.346s] -- Installing: /home/alexlin1/nero_ws/install/nero_description/lib/nero_description/sim_ppo_play
[0.346s] -- Up-to-date: /home/alexlin1/nero_ws/install/nero_description/share/ament_index/resource_index/package_run_dependencies/nero_description
[0.347s] -- Up-to-date: /home/alexlin1/nero_ws/install/nero_description/share/ament_index/resource_index/parent_prefix_path/nero_description
[0.348s] -- Up-to-date: /home/alexlin1/nero_ws/install/nero_description/share/nero_description/environment/ament_prefix_path.sh
[0.348s] -- Installing: /home/alexlin1/nero_ws/install/nero_description/share/nero_description/environment/ament_prefix_path.dsv
[0.348s] -- Up-to-date: /home/alexlin1/nero_ws/install/nero_description/share/nero_description/environment/path.sh
[0.349s] -- Installing: /home/alexlin1/nero_ws/install/nero_description/share/nero_description/environment/path.dsv
[0.349s] -- Up-to-date: /home/alexlin1/nero_ws/install/nero_description/share/nero_description/local_setup.bash
[0.349s] -- Up-to-date: /home/alexlin1/nero_ws/install/nero_description/share/nero_description/local_setup.sh
[0.349s] -- Up-to-date: /home/alexlin1/nero_ws/install/nero_description/share/nero_description/local_setup.zsh
[0.349s] -- Installing: /home/alexlin1/nero_ws/install/nero_description/share/nero_description/local_setup.dsv
[0.349s] -- Installing: /home/alexlin1/nero_ws/install/nero_description/share/nero_description/package.dsv
[0.349s] -- Up-to-date: /home/alexlin1/nero_ws/install/nero_description/share/ament_index/resource_index/packages/nero_description
[0.350s] -- Up-to-date: /home/alexlin1/nero_ws/install/nero_description/share/nero_description/cmake/nero_descriptionConfig.cmake
[0.350s] -- Up-to-date: /home/alexlin1/nero_ws/install/nero_description/share/nero_description/cmake/nero_descriptionConfig-version.cmake
[0.350s] -- Up-to-date: /home/alexlin1/nero_ws/install/nero_description/share/nero_description/package.xml
[0.350s] Invoked command in '/home/alexlin1/nero_ws/build/nero_description' returned '0': CMAKE_PREFIX_PATH=${CMAKE_PREFIX_PATH}:/opt/ros/humble /usr/bin/cmake --install /home/alexlin1/nero_ws/build/nero_description
