[0.007s] Invoking command in '/home/databeyond/agx_arm/nero_ws/build/nero_description': CMAKE_PREFIX_PATH=/opt/ros/humble CONDA_PROMPT_MODIFIER=(base) /usr/bin/cmake /home/databeyond/agx_arm/nero_ws/src/robot_description/nero_description -DCMAKE_INSTALL_PREFIX=/home/databeyond/agx_arm/nero_ws/install/nero_description
[0.191s] -- The C compiler identification is GNU 11.4.0
[0.347s] -- The CXX compiler identification is GNU 11.4.0
[0.353s] -- Detecting C compiler ABI info
[0.414s] -- Detecting C compiler ABI info - done
[0.420s] -- Check for working C compiler: /usr/bin/cc - skipped
[0.421s] -- Detecting C compile features
[0.421s] -- Detecting C compile features - done
[0.424s] -- Detecting CXX compiler ABI info
[0.486s] -- Detecting CXX compiler ABI info - done
[0.491s] -- Check for working CXX compiler: /usr/bin/c++ - skipped
[0.492s] -- Detecting CXX compile features
[0.492s] -- Detecting CXX compile features - done
[0.494s] -- Found ament_cmake: 1.3.12 (/opt/ros/humble/share/ament_cmake/cmake)
[0.816s] -- Found Python3: /home/databeyond/miniforge3/bin/python3 (found version "3.12.12") found components: Interpreter 
[0.900s] -- Found ament_lint_auto: 0.12.14 (/opt/ros/humble/share/ament_lint_auto/cmake)
[0.917s] Traceback (most recent call last):
[0.917s]   File "/opt/ros/humble/share/ament_cmake_core/cmake/core/package_xml_2_cmake.py", line 22, in <module>
[0.917s]     from catkin_pkg.package import parse_package_string
[0.917s] ModuleNotFoundError: No module named 'catkin_pkg'
[0.920s] [31mCMake Error at /opt/ros/humble/share/ament_cmake_core/cmake/core/ament_package_xml.cmake:95 (message):
[0.920s]   execute_process(/home/databeyond/miniforge3/bin/python3
[0.920s]   /opt/ros/humble/share/ament_cmake_core/cmake/core/package_xml_2_cmake.py
[0.920s]   /home/databeyond/agx_arm/nero_ws/src/robot_description/nero_description/package.xml
[0.920s]   /home/databeyond/agx_arm/nero_ws/build/nero_description/ament_cmake_core/package.cmake)
[0.920s]   returned error code 1
[0.920s] Call Stack (most recent call first):
[0.920s]   /opt/ros/humble/share/ament_cmake_core/cmake/core/ament_package_xml.cmake:49 (_ament_package_xml)
[0.920s]   /opt/ros/humble/share/ament_lint_auto/cmake/ament_lint_auto_find_test_dependencies.cmake:31 (ament_package_xml)
[0.920s]   CMakeLists.txt:39 (ament_lint_auto_find_test_dependencies)
[0.920s] 
[0.920s] [0m
[0.920s] -- Configuring incomplete, errors occurred!
[0.920s] See also "/home/databeyond/agx_arm/nero_ws/build/nero_description/CMakeFiles/CMakeOutput.log".
[0.923s] Invoked command in '/home/databeyond/agx_arm/nero_ws/build/nero_description' returned '1': CMAKE_PREFIX_PATH=/opt/ros/humble CONDA_PROMPT_MODIFIER=(base) /usr/bin/cmake /home/databeyond/agx_arm/nero_ws/src/robot_description/nero_description -DCMAKE_INSTALL_PREFIX=/home/databeyond/agx_arm/nero_ws/install/nero_description
