[0.008s] Invoking command in '/home/databeyond/agx_arm/nero_ws/build/nero_description': CMAKE_PREFIX_PATH=${CMAKE_PREFIX_PATH}:/opt/ros/humble CONDA_PROMPT_MODIFIER=(ros2) /usr/bin/cmake --build /home/databeyond/agx_arm/nero_ws/build/nero_description -- -j16 -l16
[0.035s] Invoked command in '/home/databeyond/agx_arm/nero_ws/build/nero_description' returned '0': CMAKE_PREFIX_PATH=${CMAKE_PREFIX_PATH}:/opt/ros/humble CONDA_PROMPT_MODIFIER=(ros2) /usr/bin/cmake --build /home/databeyond/agx_arm/nero_ws/build/nero_description -- -j16 -l16
[0.042s] Invoking command in '/home/databeyond/agx_arm/nero_ws/build/nero_description': CMAKE_PREFIX_PATH=${CMAKE_PREFIX_PATH}:/opt/ros/humble CONDA_PROMPT_MODIFIER=(ros2) /usr/bin/cmake --install /home/databeyond/agx_arm/nero_ws/build/nero_description
[0.048s] -- Install configuration: ""
[0.048s] -- Up-to-date: /home/databeyond/agx_arm/nero_ws/install/nero_description/share/nero_description/launch
[0.048s] -- Up-to-date: /home/databeyond/agx_arm/nero_ws/install/nero_description/share/nero_description/launch/display.launch
[0.048s] -- Up-to-date: /home/databeyond/agx_arm/nero_ws/install/nero_description/share/nero_description/launch/rviz_gazebo.launch.py
[0.048s] -- Up-to-date: /home/databeyond/agx_arm/nero_ws/install/nero_description/share/nero_description/launch/gazebo.launch
[0.048s] -- Up-to-date: /home/databeyond/agx_arm/nero_ws/install/nero_description/share/nero_description/launch/gazebo_control.launch.py
[0.048s] -- Up-to-date: /home/databeyond/agx_arm/nero_ws/install/nero_description/share/nero_description/launch/display_urdf.launch.py
[0.048s] -- Up-to-date: /home/databeyond/agx_arm/nero_ws/install/nero_description/share/nero_description/launch/display_xacro.launch.py
[0.048s] -- Up-to-date: /home/databeyond/agx_arm/nero_ws/install/nero_description/share/nero_description/meshes
[0.048s] -- Up-to-date: /home/databeyond/agx_arm/nero_ws/install/nero_description/share/nero_description/meshes/Link5.STL
[0.048s] -- Up-to-date: /home/databeyond/agx_arm/nero_ws/install/nero_description/share/nero_description/meshes/Link6.STL
[0.049s] -- Up-to-date: /home/databeyond/agx_arm/nero_ws/install/nero_description/share/nero_description/meshes/Link3.STL
[0.049s] -- Up-to-date: /home/databeyond/agx_arm/nero_ws/install/nero_description/share/nero_description/meshes/Link4.STL
[0.049s] -- Up-to-date: /home/databeyond/agx_arm/nero_ws/install/nero_description/share/nero_description/meshes/Link1.STL
[0.049s] -- Up-to-date: /home/databeyond/agx_arm/nero_ws/install/nero_description/share/nero_description/meshes/Link7.STL
[0.049s] -- Up-to-date: /home/databeyond/agx_arm/nero_ws/install/nero_description/share/nero_description/meshes/dae
[0.049s] -- Up-to-date: /home/databeyond/agx_arm/nero_ws/install/nero_description/share/nero_description/meshes/dae/link1.dae
[0.049s] -- Up-to-date: /home/databeyond/agx_arm/nero_ws/install/nero_description/share/nero_description/meshes/dae/link7.dae
[0.049s] -- Up-to-date: /home/databeyond/agx_arm/nero_ws/install/nero_description/share/nero_description/meshes/dae/link4.dae
[0.049s] -- Up-to-date: /home/databeyond/agx_arm/nero_ws/install/nero_description/share/nero_description/meshes/dae/link5.dae
[0.049s] -- Up-to-date: /home/databeyond/agx_arm/nero_ws/install/nero_description/share/nero_description/meshes/dae/link3.dae
[0.049s] -- Up-to-date: /home/databeyond/agx_arm/nero_ws/install/nero_description/share/nero_description/meshes/dae/link6.dae
[0.049s] -- Up-to-date: /home/databeyond/agx_arm/nero_ws/install/nero_description/share/nero_description/meshes/dae/base_link.dae
[0.049s] -- Up-to-date: /home/databeyond/agx_arm/nero_ws/install/nero_description/share/nero_description/meshes/dae/link2.dae
[0.049s] -- Up-to-date: /home/databeyond/agx_arm/nero_ws/install/nero_description/share/nero_description/meshes/base_link.STL
[0.049s] -- Up-to-date: /home/databeyond/agx_arm/nero_ws/install/nero_description/share/nero_description/meshes/Link2.STL
[0.049s] -- Up-to-date: /home/databeyond/agx_arm/nero_ws/install/nero_description/share/nero_description/rviz
[0.049s] -- Up-to-date: /home/databeyond/agx_arm/nero_ws/install/nero_description/share/nero_description/rviz/piper_ctrl.rviz
[0.049s] -- Up-to-date: /home/databeyond/agx_arm/nero_ws/install/nero_description/share/nero_description/rviz/bi_nero_gazebo.rviz
[0.050s] -- Up-to-date: /home/databeyond/agx_arm/nero_ws/install/nero_description/share/nero_description/rviz/piper_no_gripper.rviz
[0.050s] -- Up-to-date: /home/databeyond/agx_arm/nero_ws/install/nero_description/share/nero_description/urdf
[0.050s] -- Up-to-date: /home/databeyond/agx_arm/nero_ws/install/nero_description/share/nero_description/urdf/nero_description.csv
[0.050s] -- Up-to-date: /home/databeyond/agx_arm/nero_ws/install/nero_description/share/nero_description/urdf/nero_description
[0.050s] -- Up-to-date: /home/databeyond/agx_arm/nero_ws/install/nero_description/share/nero_description/urdf/nero_description/configuration
[0.050s] -- Up-to-date: /home/databeyond/agx_arm/nero_ws/install/nero_description/share/nero_description/urdf/nero_description/configuration/nero_description_sensor.usd
[0.050s] -- Up-to-date: /home/databeyond/agx_arm/nero_ws/install/nero_description/share/nero_description/urdf/nero_description/configuration/nero_description_robot.usd
[0.050s] -- Up-to-date: /home/databeyond/agx_arm/nero_ws/install/nero_description/share/nero_description/urdf/nero_description/configuration/nero_description_base.usd
[0.050s] -- Up-to-date: /home/databeyond/agx_arm/nero_ws/install/nero_description/share/nero_description/urdf/nero_description/configuration/nero_description_physics.usd
[0.050s] -- Up-to-date: /home/databeyond/agx_arm/nero_ws/install/nero_description/share/nero_description/urdf/nero_description/nero_description.usd
[0.050s] -- Up-to-date: /home/databeyond/agx_arm/nero_ws/install/nero_description/share/nero_description/urdf/bi_nero_description.urdf
[0.050s] -- Up-to-date: /home/databeyond/agx_arm/nero_ws/install/nero_description/share/nero_description/urdf/nero_description.urdf
[0.050s] -- Up-to-date: /home/databeyond/agx_arm/nero_ws/install/nero_description/share/nero_description/config
[0.050s] -- Up-to-date: /home/databeyond/agx_arm/nero_ws/install/nero_description/share/nero_description/config/policy.pt
[0.050s] -- Up-to-date: /home/databeyond/agx_arm/nero_ws/install/nero_description/share/nero_description/config/joint_names_nero_description.yaml
[0.050s] -- Installing: /home/databeyond/agx_arm/nero_ws/install/nero_description/share/nero_description/config/bi_nero_controllers.yaml
[0.050s] -- Up-to-date: /home/databeyond/agx_arm/nero_ws/install/nero_description/share/nero_description/launch/gazebo_control.launch.py
[0.050s] -- Up-to-date: /home/databeyond/agx_arm/nero_ws/install/nero_description/share/nero_description/launch/rviz_gazebo.launch.py
[0.050s] -- Up-to-date: /home/databeyond/agx_arm/nero_ws/install/nero_description/share/nero_description/scripts
[0.050s] -- Up-to-date: /home/databeyond/agx_arm/nero_ws/install/nero_description/share/nero_description/scripts/spawn_reach_targets.py
[0.050s] -- Up-to-date: /home/databeyond/agx_arm/nero_ws/install/nero_description/share/nero_description/scripts/gain_joint_positions.py
[0.051s] -- Up-to-date: /home/databeyond/agx_arm/nero_ws/install/nero_description/share/nero_description/scripts/publish_joint_positions.py
[0.051s] -- Up-to-date: /home/databeyond/agx_arm/nero_ws/install/nero_description/share/nero_description/scripts/gazebo_ppo_play.py
[0.051s] -- Up-to-date: /home/databeyond/agx_arm/nero_ws/install/nero_description/lib/nero_description/publish_joint_positions
[0.051s] -- Up-to-date: /home/databeyond/agx_arm/nero_ws/install/nero_description/lib/nero_description/gain_joint_positions
[0.051s] -- Up-to-date: /home/databeyond/agx_arm/nero_ws/install/nero_description/lib/nero_description/spawn_reach_targets
[0.051s] -- Up-to-date: /home/databeyond/agx_arm/nero_ws/install/nero_description/lib/nero_description/gazebo_ppo_play
[0.051s] -- Up-to-date: /home/databeyond/agx_arm/nero_ws/install/nero_description/share/ament_index/resource_index/package_run_dependencies/nero_description
[0.051s] -- Up-to-date: /home/databeyond/agx_arm/nero_ws/install/nero_description/share/ament_index/resource_index/parent_prefix_path/nero_description
[0.051s] -- Up-to-date: /home/databeyond/agx_arm/nero_ws/install/nero_description/share/nero_description/environment/ament_prefix_path.sh
[0.051s] -- Up-to-date: /home/databeyond/agx_arm/nero_ws/install/nero_description/share/nero_description/environment/ament_prefix_path.dsv
[0.051s] -- Up-to-date: /home/databeyond/agx_arm/nero_ws/install/nero_description/share/nero_description/environment/path.sh
[0.051s] -- Up-to-date: /home/databeyond/agx_arm/nero_ws/install/nero_description/share/nero_description/environment/path.dsv
[0.051s] -- Up-to-date: /home/databeyond/agx_arm/nero_ws/install/nero_description/share/nero_description/local_setup.bash
[0.051s] -- Up-to-date: /home/databeyond/agx_arm/nero_ws/install/nero_description/share/nero_description/local_setup.sh
[0.051s] -- Up-to-date: /home/databeyond/agx_arm/nero_ws/install/nero_description/share/nero_description/local_setup.zsh
[0.051s] -- Up-to-date: /home/databeyond/agx_arm/nero_ws/install/nero_description/share/nero_description/local_setup.dsv
[0.051s] -- Installing: /home/databeyond/agx_arm/nero_ws/install/nero_description/share/nero_description/package.dsv
[0.051s] -- Up-to-date: /home/databeyond/agx_arm/nero_ws/install/nero_description/share/ament_index/resource_index/packages/nero_description
[0.051s] -- Up-to-date: /home/databeyond/agx_arm/nero_ws/install/nero_description/share/nero_description/cmake/nero_descriptionConfig.cmake
[0.051s] -- Up-to-date: /home/databeyond/agx_arm/nero_ws/install/nero_description/share/nero_description/cmake/nero_descriptionConfig-version.cmake
[0.052s] -- Up-to-date: /home/databeyond/agx_arm/nero_ws/install/nero_description/share/nero_description/package.xml
[0.052s] Invoked command in '/home/databeyond/agx_arm/nero_ws/build/nero_description' returned '0': CMAKE_PREFIX_PATH=${CMAKE_PREFIX_PATH}:/opt/ros/humble CONDA_PROMPT_MODIFIER=(ros2) /usr/bin/cmake --install /home/databeyond/agx_arm/nero_ws/build/nero_description
